<?xml version="1.0" encoding="UTF-8"?>
<!-- Generated by org.testng.reporters.JUnitXMLReporter -->
<testsuite ignored="0" hostname="Swasthik" failures="1" tests="1" name="TestThree" time="5.533" errors="0" timestamp="2024-03-07T19:08:11 IST">
  <testcase classname="tests.Three" name="three" time="4.803">
    <failure type="java.lang.AssertionError" message="expected [true] but found [false]">
      <![CDATA[java.lang.AssertionError: expected [true] but found [false]
at tests.Three.three(Three.java:23)
at java.base/java.util.ArrayList.forEach(ArrayList.java:1511)
... Removed 31 stack frames]]>
    </failure>
  </testcase> <!-- three -->
</testsuite> <!-- TestThree -->
