<?xml version="1.0" encoding="UTF-8"?>
<!-- Generated by org.testng.reporters.JUnitXMLReporter -->
<testsuite ignored="0" hostname="Swasthik" failures="0" tests="4" name="Test" time="24.467" errors="0" timestamp="2024-03-07T17:15:14 IST">
  <testcase classname="tests.Two" name="two" time="7.627"/>
  <testcase classname="tests.Three" name="three" time="4.885"/>
  <testcase classname="tests.One" name="one" time="4.521"/>
  <testcase classname="tests.LoginTest" name="login" time="1.826"/>
</testsuite> <!-- Test -->
